\BOOKMARK [0][-]{chapter.1}{Introdu\347\343o}{}
\BOOKMARK [1][-]{section.1.1}{Motiva\347\343o e Contextualiza\347\343o}{chapter.1}
\BOOKMARK [2][-]{subsection.1.1.1}{Sele\347\343o de Prot\363tipos}{section.1.1}
\BOOKMARK [2][-]{subsection.1.1.2}{Bases Desbalanceadas}{section.1.1}
\BOOKMARK [1][-]{section.1.2}{Objetivo}{chapter.1}
\BOOKMARK [1][-]{section.1.3}{Estrutura do Trabalho}{chapter.1}
\BOOKMARK [2][-]{subsection.1.3.1}{Sess\365es}{section.1.3}
\BOOKMARK [2][-]{subsection.1.3.2}{Metodologia Utilizada}{section.1.3}
\BOOKMARK [2][-]{subsection.1.3.3}{Bases de dados}{section.1.3}
\BOOKMARK [0][-]{chapter.2}{T\351cnicas de Sele\347\343o de Prot\363tipos}{}
\BOOKMARK [1][-]{section.2.1}{ENN}{chapter.2}
\BOOKMARK [1][-]{section.2.2}{CNN}{chapter.2}
\BOOKMARK [1][-]{section.2.3}{Tomek Links}{chapter.2}
\BOOKMARK [1][-]{section.2.4}{OSS}{chapter.2}
\BOOKMARK [1][-]{section.2.5}{LVQ}{chapter.2}
\BOOKMARK [2][-]{subsection.2.5.1}{LVQ 1}{section.2.5}
\BOOKMARK [2][-]{subsection.2.5.2}{Optimized-learning-rate LVQ}{section.2.5}
\BOOKMARK [2][-]{subsection.2.5.3}{LVQ 2.1}{section.2.5}
\BOOKMARK [2][-]{subsection.2.5.4}{LVQ 3}{section.2.5}
\BOOKMARK [1][-]{section.2.6}{SGP}{chapter.2}
\BOOKMARK [1][-]{section.2.7}{SGP 2}{chapter.2}
\BOOKMARK [1][-]{section.2.8}{CCNN}{chapter.2}
