This is pdfTeX, Version 3.1415926-1.40.10 (TeX Live 2009/Debian) (format=latex 2011.9.14)  27 SEP 2011 16:06
entering extended mode
 %&-line parsing enabled.
**thumbpdf
(/usr/share/texmf-texlive/tex/generic/thumbpdf/thumbpdf.tex
LaTeX2e <2009/09/24>
Babel <v3.8l> and hyphenation patterns for english, usenglishmax, dumylang, noh
yphenation, loaded.
File: thumbpdf.tex 2008/04/16 v3.10 Including thumbnails as images (HO)
****************************************************************
* Generating `thumbpdf.pdf', each page with a found thumbnail. *
****************************************************************
!!! Process this file `thumbpdf.tex' with pdf(e)tex (plain format) !!!
 ) 
Here is how much of TeX's memory you used:
 7 strings out of 495062
 276 string characters out of 1182644
 45108 words of memory out of 3000000
 3283 multiletter control sequences out of 15000+50000
 3640 words of font info for 14 fonts, out of 3000000 for 9000
 28 hyphenation exceptions out of 8191
 5i,0n,1p,82b,8s stack positions out of 5000i,500n,10000p,200000b,50000s

No pages of output.
